18.78,0.785592
17.11,0.895176
16.16,0.957803
15.5,1.0005
14.99,1.03217
14.59,1.05689
14.25,1.07684
13.95,1.09334
13.7,1.10724
13.47,1.11911
12.8,1.57202
12.81,1.63615
12.77,1.6377
12.73,1.62442
12.7,1.60764
12.66,1.59079
12.64,1.57556
12.61,1.55912
12.59,1.54593
12.57,1.53341
12.56,1.52143
12.54,1.50988
12.53,1.49868
12.52,1.49012
12.51,1.48181
12.5,1.47369
12.49,1.46575
12.49,1.4603
12.48,1.45263
12.47,1.44741
12.47,1.43995
12.46,1.43491
12.46,1.42994
12.46,1.42503
12.45,1.42018
12.45,1.41771
12.45,1.41296
12.45,1.40825
12.45,1.40589
12.44,1.40125
12.44,1.39895
12.44,1.39436
12.44,1.39211
12.44,1.38988
12.44,1.38536
12.44,1.38317
12.44,1.38099
12.44,1.37882
12.44,1.37666
12.44,1.37452
12.43,1.3701
12.43,1.36798
12.43,1.36587
12.44,1.36604
12.44,1.36395
12.44,1.36185
12.44,1.35977
12.44,1.35769
12.44,1.35562
12.43,1.35355
12.44,1.35376
12.44,1.3517
12.44,1.34964
12.44,1.34759
12.44,1.3478
12.44,1.34576
12.44,1.34372
12.44,1.34393
12.44,1.3419
12.44,1.33986
12.44,1.34008
12.44,1.33805
12.44,1.33827
12.44,1.33624
12.44,1.33422
12.44,1.33443
12.44,1.33241
12.44,1.33263
12.44,1.33061
12.44,1.33082
12.44,1.32881
12.44,1.32902
12.44,1.32701
12.45,1.32722
12.45,1.32744
12.45,1.32542
12.45,1.32563
12.45,1.32362
12.45,1.32383
12.45,1.32182
12.45,1.32203
12.45,1.32223
12.45,1.32022
12.45,1.32043
12.45,1.31842
12.45,1.31862
12.45,1.31883
12.45,1.31682
12.45,1.31702
12.46,1.31722
12.45,1.31521
12.46,1.31541
12.46,1.3156
12.46,1.31359
12.46,1.31379
12.46,1.31398
12.46,1.31417
12.46,1.31216
12.46,1.31235
12.46,1.31254
12.46,1.31053
12.46,1.31072
12.46,1.31091
12.46,1.31109
12.46,1.30908
12.46,1.30926
12.46,1.30944
12.47,1.30963
12.46,1.30762
12.47,1.30779
12.47,1.30797
12.47,1.30815
12.47,1.30614
12.47,1.30631
12.47,1.30648
12.47,1.30666
12.47,1.30465
12.47,1.30482
12.47,1.30499
12.47,1.30515
12.47,1.30532
12.47,1.30331
12.47,1.30347
12.47,1.30364
12.47,1.3038
12.47,1.30396
12.47,1.30195
12.47,1.30211
12.48,1.30227
12.48,1.30243
12.48,1.30259
12.48,1.30058
12.48,1.30073
12.48,1.30089
12.48,1.30104
12.48,1.30119
12.48,1.30134
12.48,1.29933
12.48,1.29948
12.48,1.29963
12.48,1.29978
12.48,1.29993
12.48,1.30007
12.48,1.30022
12.48,1.2982
12.48,1.29835
12.48,1.29849
12.48,1.29863
12.48,1.29878
12.48,1.29892
12.49,1.29906
12.49,1.29704
12.49,1.29718
12.49,1.29732
12.49,1.29746
12.49,1.29759
12.49,1.29773
12.49,1.29786
12.49,1.29799
12.49,1.29598
12.49,1.29611
12.49,1.29624
12.49,1.29637
12.49,1.2965
12.49,1.29663
12.49,1.29676
12.49,1.29689
12.49,1.29702
12.49,1.295
12.49,1.29513
12.49,1.29525
12.49,1.29538
12.49,1.2955
12.49,1.29562
12.49,1.29574
12.49,1.29587
12.5,1.29599
12.5,1.29397
12.5,1.29409
12.5,1.29421
12.5,1.29433
12.5,1.29445
12.5,1.29456
12.5,1.29468
12.5,1.2948
12.5,1.29491
12.5,1.29503
12.5,1.29514
12.5,1.29312
12.5,1.29324
12.5,1.29335
12.5,1.29346
12.5,1.29357
12.5,1.29368
12.5,1.29379
12.5,1.2939
12.5,1.29401
12.5,1.29412
12.5,1.29423
12.5,1.29433
12.5,1.29444
12.5,1.29242
12.5,1.29253
12.5,1.29263
12.5,1.29274
12.5,1.29284
12.5,1.29295
12.5,1.29305
12.51,1.29315
12.51,1.29326
12.51,1.29336
12.51,1.29346
12.51,1.29356
12.51,1.29366
12.51,1.29376
12.51,1.29386
12.51,1.29184
12.51,1.29194
12.51,1.29203
12.51,1.29213
12.51,1.29223
12.51,1.29232
12.51,1.29242
12.51,1.29252
12.51,1.29261
12.51,1.29271
12.51,1.2928
12.51,1.29289
12.51,1.29299
12.51,1.29308
12.51,1.29317
12.51,1.29326
12.51,1.29335
12.51,1.29344
12.51,1.29354
12.51,1.29151
12.51,1.2916
12.51,1.29169
12.51,1.29178
12.51,1.29187
12.51,1.29196
12.51,1.29205
12.51,1.29213
12.51,1.29222
12.51,1.29231
12.51,1.29239
12.52,1.29248
12.52,1.29257
12.52,1.29265
12.52,1.29274
12.52,1.29282
12.52,1.2929
12.52,1.29299
12.52,1.29307
12.52,1.29315
12.52,1.29323
12.52,1.29332
12.52,1.2934
12.52,1.29348
12.52,1.29146
12.52,1.29154
12.52,1.29162
12.52,1.2917
12.52,1.29178
12.52,1.29186
12.52,1.29194
12.52,1.29201
12.52,1.29209
12.52,1.29217
12.52,1.29225
12.52,1.29233
12.52,1.2924
12.52,1.29248
12.52,1.29255
12.52,1.29263
12.52,1.29271
12.52,1.29278
12.52,1.29286
12.52,1.29293
12.52,1.293
12.52,1.29308
12.52,1.29315
12.52,1.29322
12.52,1.2933
12.52,1.29337
12.52,1.29344
12.52,1.29351
12.52,1.29359
12.52,1.29366
12.52,1.29373
12.52,1.2938
12.52,1.29387
12.52,1.29394
12.52,1.29192
12.52,1.29199
12.53,1.29206
12.53,1.29213
12.53,1.2922
12.53,1.29227
12.53,1.29233
12.53,1.2924
12.53,1.29247
12.53,1.29254
12.53,1.2926
12.53,1.29267
12.53,1.29274
12.53,1.29281
12.53,1.29287
12.53,1.29294
12.53,1.293
12.53,1.29307
12.53,1.29313
12.53,1.2932
12.53,1.29326
12.53,1.29333
12.53,1.29339
12.53,1.29346
12.53,1.29352
12.53,1.29358
12.53,1.29365
12.53,1.29371
12.53,1.29377
12.53,1.29383
12.53,1.2939
12.53,1.29396
12.53,1.29402
12.53,1.29408
12.53,1.29414
12.53,1.2942
12.53,1.29426
12.53,1.29432
12.53,1.29438
12.53,1.29444
12.53,1.2945
12.53,1.29456
12.53,1.29462
12.53,1.29468
12.53,1.29474
12.53,1.2948
12.53,1.29486
12.53,1.29492
12.53,1.29498
12.53,1.29503
12.53,1.29509
12.53,1.29515
12.53,1.29521
12.53,1.29526
12.53,1.29532
12.53,1.29538
12.53,1.29543
12.53,1.29549
12.53,1.29554
12.53,1.2956
12.53,1.29565
12.53,1.29571
12.53,1.29577
12.53,1.29582
12.54,1.29588
12.54,1.29593
12.54,1.29598
12.54,1.29604
12.54,1.29609
12.54,1.29615
12.54,1.2962
12.54,1.29625
12.54,1.29423
12.54,1.29428
12.54,1.29434
12.54,1.29439
12.54,1.29444
12.54,1.29449
12.54,1.29455
12.54,1.2946
12.54,1.29465
12.54,1.2947
12.54,1.29475
12.54,1.2948
12.54,1.29485
12.54,1.29491
12.54,1.29496
12.54,1.29501
12.54,1.29506
12.54,1.29511
12.54,1.29516
12.54,1.29521
12.54,1.29526
12.54,1.29531
12.54,1.29536
12.54,1.29541
12.54,1.29545
12.54,1.2955
12.54,1.29555
12.54,1.2956
12.54,1.29565
12.54,1.2957
12.54,1.29574
12.54,1.29579
12.54,1.29584
12.54,1.29589
12.54,1.29593
12.54,1.29598
12.54,1.29603
12.54,1.29608
12.54,1.29612
12.54,1.29617
12.54,1.29622
12.54,1.29626
12.54,1.29631
12.54,1.29635
12.54,1.2964
12.54,1.29645
12.54,1.29649
12.54,1.29654
12.54,1.29658
12.54,1.29663
12.54,1.29667
12.54,1.29672
12.54,1.29676
12.54,1.29681
12.54,1.29685
12.54,1.29689
12.54,1.29694
12.54,1.29698
12.54,1.29703
12.54,1.29707
12.54,1.29711
12.54,1.29716
12.54,1.2972
12.54,1.29724
12.54,1.29728
12.54,1.29733
12.54,1.29737
12.54,1.29741
12.54,1.29745
12.54,1.2975
12.54,1.29754
12.54,1.29758
12.54,1.29762
12.54,1.29766
12.54,1.29771
12.54,1.29775
12.54,1.29779
12.54,1.29783
12.54,1.29787
12.54,1.29791
12.54,1.29795
12.54,1.29799
12.54,1.29803
12.54,1.29807
12.54,1.29811
12.54,1.29815
12.55,1.2982
12.55,1.29824
12.55,1.29828
12.55,1.29831
12.55,1.29835
12.55,1.29839
12.55,1.29843
12.55,1.30054
12.55,1.30057
12.55,1.30061
12.55,1.30065
12.55,1.30069
12.55,1.30073
12.55,1.30077
12.55,1.30081
12.55,1.30084
12.55,1.30088
12.55,1.30092
12.55,1.30096
12.55,1.30099
12.55,1.30103
12.55,1.30107
12.55,1.30111
12.55,1.30114
12.55,1.30118
12.55,1.30122
12.55,1.30125
12.55,1.30129
12.55,1.30133
12.55,1.30136
12.55,1.3014
12.55,1.30144
12.55,1.30147
12.55,1.30151
12.55,1.30155
12.55,1.30158
12.55,1.30162
12.55,1.30165
12.55,1.30169
12.55,1.30172
12.55,1.30176
12.55,1.30179
12.55,1.30183
12.55,1.30186
12.55,1.3019
12.55,1.30193
12.55,1.30197
12.55,1.302
12.55,1.30204
12.55,1.30207
12.55,1.30211
12.55,1.30214
12.55,1.30218
12.55,1.30221
12.55,1.30224
12.55,1.30228
12.55,1.30231
12.55,1.30234
12.55,1.30238
12.55,1.30241
12.55,1.30244
12.55,1.30248
12.55,1.30251
12.55,1.30254
12.55,1.30258
12.55,1.30261
12.55,1.30264
12.55,1.30267
12.55,1.30271
12.55,1.30274
12.55,1.30277
12.55,1.3028
12.55,1.30284
12.55,1.30287
12.55,1.3029
12.55,1.30293
12.55,1.30296
12.55,1.303
12.55,1.30303
12.55,1.30306
12.55,1.30309
12.55,1.30312
12.55,1.30315
12.55,1.30319
12.55,1.30322
12.55,1.30325
12.55,1.30328
12.55,1.30331
12.55,1.30334
12.55,1.30337
12.55,1.3034
12.55,1.30343
12.55,1.30346
12.55,1.30349
12.55,1.30352
12.55,1.30355
12.55,1.30358
12.55,1.30361
12.55,1.30364
12.55,1.30367
12.55,1.3037
12.55,1.30373
12.55,1.30376
12.55,1.30379
12.55,1.30382
12.55,1.30385
12.55,1.30388
12.55,1.30391
12.55,1.30394
12.55,1.30397
12.55,1.304
12.55,1.30403
12.55,1.30405
12.55,1.30408
12.55,1.30411
12.55,1.30414
12.55,1.30417
12.55,1.3042
12.55,1.30423
12.55,1.30425
12.55,1.30428
12.55,1.30431
12.55,1.30434
12.55,1.30642
12.55,1.30645
12.55,1.30648
12.55,1.3065
12.55,1.30653
12.55,1.30656
12.55,1.30659
12.55,1.30661
12.55,1.30664
12.55,1.30667
12.55,1.3067
12.55,1.30672
12.55,1.30675
12.55,1.30678
12.55,1.3068
12.55,1.30683
12.56,1.30686
12.56,1.30689
12.56,1.30691
12.56,1.30694
12.56,1.30696
12.56,1.30699
12.56,1.30702
12.56,1.30704
12.56,1.30707
12.56,1.3071
12.56,1.30712
12.56,1.30715
12.56,1.30717
12.56,1.3072
12.56,1.30723
12.56,1.30725
12.56,1.30728
12.56,1.3073
12.56,1.30733
12.56,1.30735
12.56,1.30738
12.56,1.3074
12.56,1.30743
12.56,1.30745
12.56,1.30748
12.56,1.3075
12.56,1.30753
12.56,1.30755
12.56,1.30758
12.56,1.3076
12.56,1.30763
12.56,1.30765
12.56,1.30768
12.56,1.3077
12.56,1.30773
12.56,1.30775
12.56,1.30778
12.56,1.3078
12.56,1.30783
12.56,1.30785
12.56,1.30787
12.56,1.3079
12.56,1.30792
12.56,1.30795
12.56,1.30797
12.56,1.30799
12.56,1.30802
12.56,1.30804
12.56,1.30806
12.56,1.30809
12.56,1.30811
12.56,1.30814
12.56,1.30816
12.56,1.30818
12.56,1.30821
12.56,1.30823
12.56,1.30825
12.56,1.30827
12.56,1.3083
12.56,1.30832
12.56,1.30834
12.56,1.30837
12.56,1.30839
12.56,1.31046
12.56,1.31049
12.56,1.31051
12.56,1.31053
12.56,1.31055
12.56,1.31058
12.56,1.3106
12.56,1.31062
12.56,1.31064
12.56,1.31066
12.56,1.31069
12.56,1.31071
12.56,1.31073
12.56,1.31075
12.56,1.31078
12.56,1.3108
12.56,1.31082
12.56,1.31084
12.56,1.31086
12.56,1.31088
12.56,1.31091
12.56,1.31093
12.56,1.31095
12.56,1.31097
12.56,1.31099
12.56,1.31101
12.56,1.31103
12.56,1.31106
12.56,1.31108
12.56,1.3111
12.56,1.31112
12.56,1.31114
12.56,1.31116
12.56,1.31118
12.56,1.3112
12.56,1.31122
12.56,1.31124
12.56,1.31127
12.56,1.31129
12.56,1.31131
12.56,1.31133
12.56,1.31135
12.56,1.31137
12.56,1.31139
12.56,1.31141
12.56,1.31143
12.56,1.31145
12.56,1.31147
12.56,1.31149
12.56,1.31151
12.56,1.31153
12.56,1.31155
12.56,1.31157
12.56,1.31159
12.56,1.31161
12.56,1.31163
12.56,1.31165
12.56,1.31167
12.56,1.31169
12.56,1.31171
12.56,1.31173
12.56,1.31175
12.56,1.31177
12.56,1.31179
12.56,1.31181
12.56,1.31183
12.56,1.31185
12.56,1.31187
12.56,1.31189
12.56,1.3119
12.56,1.31397
12.56,1.31399
12.56,1.31401
12.56,1.31403
12.56,1.31405
12.56,1.31407
12.56,1.31409
12.56,1.31411
12.56,1.31412
12.56,1.31414
12.56,1.31416
12.56,1.31418
12.56,1.3142
12.56,1.31422
12.56,1.31424
12.56,1.31425
12.56,1.31427
12.56,1.31429
12.56,1.31431
12.56,1.31433
12.56,1.31435
12.56,1.31436
12.56,1.31438
12.56,1.3144
12.56,1.31442
12.56,1.31444
12.56,1.31445
12.56,1.31447
12.56,1.31449
12.56,1.31451
12.56,1.31453
12.56,1.31454
12.56,1.31456
12.56,1.31458
12.56,1.3146
12.56,1.31462
12.56,1.31463
12.56,1.31465
12.56,1.31467
12.56,1.31469
12.56,1.3147
12.56,1.31472
12.56,1.31474
12.56,1.31476
12.56,1.31477
12.56,1.31479
12.56,1.31481
12.56,1.31482
12.56,1.31484
12.56,1.31486
12.56,1.31488
12.56,1.31489
12.56,1.31491
12.56,1.31493
12.56,1.31494
12.56,1.31496
12.56,1.31498
12.56,1.31499
12.56,1.31501
12.56,1.31503
12.56,1.31504
12.56,1.31506
12.56,1.31508
12.56,1.31509
12.56,1.31511
12.56,1.31513
12.56,1.31514
12.56,1.31721
12.56,1.31722
12.56,1.31724
12.56,1.31726
12.56,1.31727
12.56,1.31729
12.56,1.3173
12.56,1.31732
12.56,1.31734
12.56,1.31735
12.56,1.31737
12.56,1.31739
12.56,1.3174
12.56,1.31742
12.56,1.31743
12.56,1.31745
12.56,1.31746
12.56,1.31748
12.56,1.3175
12.56,1.31751
12.56,1.31753
12.56,1.31754
12.56,1.31756
12.56,1.31757
12.56,1.31759
12.56,1.31761
12.56,1.31762
12.56,1.31764
12.56,1.31765
12.56,1.31767
12.56,1.31768
12.56,1.3177
12.56,1.31771
12.56,1.31773
12.56,1.31774
12.56,1.31776
12.56,1.31777
12.56,1.31779
12.56,1.3178
12.56,1.31782
12.56,1.31783
12.56,1.31785
12.56,1.31786
12.56,1.31788
12.56,1.31789
12.56,1.31791
12.56,1.31792
12.56,1.31794
12.56,1.31795
12.56,1.31797
12.56,1.31798
12.56,1.318
12.56,1.31801
12.56,1.31803
12.56,1.31804
12.56,1.31806
12.56,1.31807
12.56,1.31808
12.56,1.3181
12.56,1.31811
12.56,1.31813
12.56,1.31814
12.56,1.31816
12.56,1.31817
12.56,1.31818
12.56,1.32025
12.56,1.32026
12.56,1.32027
12.56,1.32029
12.56,1.3203
12.57,1.32032
12.57,1.32033
12.57,1.32034
12.57,1.32036
12.57,1.32037
12.57,1.32039
12.57,1.3204
12.57,1.32041
12.57,1.32043
12.57,1.32044
12.57,1.32046
12.57,1.32047
12.57,1.32048
12.57,1.3205
12.57,1.32051
12.57,1.32052
12.57,1.32054
12.57,1.32055
12.57,1.32056
12.57,1.32058
12.57,1.32059
12.57,1.3206
12.57,1.32062
12.57,1.32063
12.57,1.32064
12.57,1.32066
12.57,1.32067
12.57,1.32068
12.57,1.3207
12.57,1.32071
12.57,1.32072
12.57,1.32074
12.57,1.32075
12.57,1.32076
12.57,1.32078
12.57,1.32079
12.57,1.3208
12.57,1.32082
12.57,1.32083
12.57,1.32084
12.57,1.32085
12.57,1.32087
12.57,1.32088
12.57,1.32089
12.57,1.32091
12.57,1.32092
12.57,1.32093
12.57,1.32094
12.57,1.32096
12.57,1.32097
12.57,1.32098
12.57,1.32099
12.57,1.32101
12.57,1.32102
12.57,1.32103
12.57,1.32104
12.57,1.32106
12.57,1.32107
12.57,1.32313
12.57,1.32314
12.57,1.32315
12.57,1.32317
12.57,1.32318
12.57,1.32319
12.57,1.3232
12.57,1.32321
12.57,1.32323
12.57,1.32324
12.57,1.32325
12.57,1.32326
12.57,1.32327
12.57,1.32329
12.57,1.3233
12.57,1.32331
12.57,1.32332
12.57,1.32333
12.57,1.32335
12.57,1.32336
12.57,1.32337
12.57,1.32338
12.57,1.32339
12.57,1.32341
12.57,1.32342
12.57,1.32343
12.57,1.32344
12.57,1.32345
12.57,1.32346
12.57,1.32348
12.57,1.32349
12.57,1.3235
12.57,1.32351
12.57,1.32352
12.57,1.32353
12.57,1.32355
12.57,1.32356
12.57,1.32357
12.57,1.32358
12.57,1.32359
12.57,1.3236
12.57,1.32361
12.57,1.32363
12.57,1.32364
12.57,1.32365
12.57,1.32366
12.57,1.32367
12.57,1.32368
12.57,1.32369
12.57,1.3237
12.57,1.32372
12.57,1.32373
12.57,1.32374
12.57,1.32375
12.57,1.32376
12.57,1.32377
12.57,1.32378
12.57,1.32379
12.57,1.3238
12.57,1.32382
12.57,1.32383
12.57,1.32384
12.57,1.32385
12.57,1.32386
12.57,1.32592
12.57,1.32593
12.57,1.32594
12.57,1.32595
12.57,1.32596
12.57,1.32597
12.57,1.32598
12.57,1.32599
