7.381e-05,0.00083343
7.381e-05,0.00083343
7.38099e-05,0.000833429
7.38095e-05,0.000833427
7.38087e-05,0.000833421
7.38076e-05,0.000833413
7.3806e-05,0.000833403
7.3804e-05,0.00083339
7.38017e-05,0.000833374
7.37989e-05,0.000833355
7.37958e-05,0.000833334
7.37922e-05,0.00083331
7.37883e-05,0.000833283
7.37839e-05,0.000833253
7.37792e-05,0.000833221
7.37741e-05,0.000833186
7.37685e-05,0.000833149
7.37626e-05,0.000833109
7.37562e-05,0.000833066
7.37495e-05,0.00083302
7.37423e-05,0.000832971
7.37348e-05,0.00083292
7.37268e-05,0.000832866
7.37185e-05,0.00083281
7.37097e-05,0.000832751
7.37006e-05,0.000832689
7.36911e-05,0.000832624
7.36811e-05,0.000832557
7.36708e-05,0.000832486
7.366e-05,0.000832414
7.36489e-05,0.000832338
7.36374e-05,0.00083226
7.36254e-05,0.000832179
7.36131e-05,0.000832095
7.36004e-05,0.000832009
7.35873e-05,0.00083192
7.35737e-05,0.000831828
7.35598e-05,0.000831734
7.35455e-05,0.000831637
7.35308e-05,0.000831537
7.35157e-05,0.000831434
7.35001e-05,0.000831329
7.34842e-05,0.000831221
7.34679e-05,0.00083111
7.34512e-05,0.000830997
7.34341e-05,0.000830881
7.34166e-05,0.000830762
7.33988e-05,0.000830641
7.33805e-05,0.000830517
7.33618e-05,0.00083039
7.33427e-05,0.00083026
7.33233e-05,0.000830128
7.33034e-05,0.000829993
7.32831e-05,0.000829855
7.32625e-05,0.000829715
7.32415e-05,0.000829572
7.322e-05,0.000829427
7.31982e-05,0.000829278
7.3176e-05,0.000829127
7.31534e-05,0.000828973
7.31304e-05,0.000828817
7.3107e-05,0.000828658
7.30832e-05,0.000828496
7.3059e-05,0.000828332
7.30344e-05,0.000828165
7.30095e-05,0.000827995
7.29841e-05,0.000827822
7.29584e-05,0.000827647
7.29323e-05,0.000827469
7.29058e-05,0.000827289
7.28789e-05,0.000827106
7.28516e-05,0.00082692
7.28239e-05,0.000826731
7.27958e-05,0.00082654
7.27674e-05,0.000826346
7.27385e-05,0.00082615
7.27093e-05,0.000825951
7.26797e-05,0.000825749
7.26497e-05,0.000825544
7.26193e-05,0.000825337
7.25886e-05,0.000825127
7.25574e-05,0.000824915
7.25259e-05,0.0008247
7.2494e-05,0.000824482
7.24617e-05,0.000824262
7.2429e-05,0.000824039
7.2396e-05,0.000823813
7.23625e-05,0.000823585
7.23287e-05,0.000823354
7.22945e-05,0.00082312
7.22599e-05,0.000822884
7.2225e-05,0.000822645
7.21896e-05,0.000822403
7.21539e-05,0.000822159
7.21178e-05,0.000821912
7.20813e-05,0.000821663
7.20445e-05,0.000821411
7.20073e-05,0.000821156
7.19697e-05,0.000820899
7.19317e-05,0.000820639
7.18933e-05,0.000820376
7.18546e-05,0.000820111
7.18155e-05,0.000819843
7.1776e-05,0.000819573
7.17362e-05,0.0008193
7.1696e-05,0.000819024
7.16554e-05,0.000818746
7.16144e-05,0.000818465
7.15731e-05,0.000818182
7.15314e-05,0.000817896
7.14893e-05,0.000817607
7.14469e-05,0.000817316
7.14041e-05,0.000817022
7.13609e-05,0.000816726
7.13174e-05,0.000816427
7.12735e-05,0.000816125
7.12292e-05,0.000815821
7.11846e-05,0.000815514
7.11396e-05,0.000815205
7.10942e-05,0.000814893
7.10485e-05,0.000814578
7.10024e-05,0.000814261
7.09559e-05,0.000813942
7.09091e-05,0.000813619
7.0862e-05,0.000813295
7.08144e-05,0.000812967
7.07665e-05,0.000812637
7.07183e-05,0.000812305
7.06697e-05,0.00081197
7.06207e-05,0.000811632
7.05714e-05,0.000811292
7.05217e-05,0.000810949
7.04717e-05,0.000810604
7.04213e-05,0.000810256
7.03706e-05,0.000809906
7.03195e-05,0.000809553
7.0268e-05,0.000809198
7.02162e-05,0.00080884
7.01641e-05,0.000808479
7.01116e-05,0.000808116
7.00588e-05,0.000807751
7.00056e-05,0.000807383
6.9952e-05,0.000807012
6.98981e-05,0.000806639
6.98439e-05,0.000806264
6.97893e-05,0.000805886
6.97344e-05,0.000805505
6.96791e-05,0.000805122
6.96235e-05,0.000804736
6.95676e-05,0.000804348
6.95113e-05,0.000803957
6.94546e-05,0.000803564
6.93976e-05,0.000803169
6.93403e-05,0.000802771
6.92827e-05,0.00080237
6.92247e-05,0.000801967
6.91663e-05,0.000801562
6.91077e-05,0.000801154
6.90487e-05,0.000800743
6.89893e-05,0.00080033
6.89297e-05,0.000799915
6.88697e-05,0.000799497
6.88093e-05,0.000799077
6.87487e-05,0.000798654
6.86877e-05,0.000798229
6.86263e-05,0.000797801
6.85647e-05,0.000797371
6.85027e-05,0.000796938
6.84404e-05,0.000796503
6.83778e-05,0.000796066
6.83148e-05,0.000795626
6.82515e-05,0.000795183
6.81879e-05,0.000794739
6.8124e-05,0.000794292
6.80597e-05,0.000793842
6.79951e-05,0.00079339
6.79302e-05,0.000792936
6.7865e-05,0.000792479
6.77995e-05,0.000792019
6.77336e-05,0.000791558
6.76675e-05,0.000791094
6.7601e-05,0.000790627
6.75342e-05,0.000790159
6.74671e-05,0.000789687
6.73997e-05,0.000789214
6.73319e-05,0.000788738
6.72639e-05,0.000788259
6.71955e-05,0.000787779
6.71269e-05,0.000787296
6.70579e-05,0.00078681
6.69886e-05,0.000786322
6.6919e-05,0.000785832
6.68491e-05,0.00078534
6.67789e-05,0.000784845
6.67084e-05,0.000784347
6.66376e-05,0.000783848
6.65665e-05,0.000783346
6.64951e-05,0.000782842
6.64234e-05,0.000782335
6.63514e-05,0.000781826
6.62791e-05,0.000781315
6.62065e-05,0.000780801
6.61337e-05,0.000780286
6.60605e-05,0.000779767
6.5987e-05,0.000779247
6.59132e-05,0.000778724
6.58392e-05,0.000778199
6.57648e-05,0.000777671
6.56902e-05,0.000777142
6.56152e-05,0.00077661
6.554e-05,0.000776076
6.54645e-05,0.000775539
6.53887e-05,0.000775
6.53127e-05,0.000774459
6.52363e-05,0.000773916
6.51597e-05,0.00077337
6.50828e-05,0.000772822
6.50056e-05,0.000772272
6.49281e-05,0.00077172
6.48503e-05,0.000771165
6.47723e-05,0.000770608
6.4694e-05,0.000770049
6.46154e-05,0.000769488
6.45365e-05,0.000768924
6.44574e-05,0.000768358
6.4378e-05,0.00076779
6.42983e-05,0.00076722
6.42184e-05,0.000766647
6.41382e-05,0.000766073
6.40577e-05,0.000765496
6.3977e-05,0.000764917
6.3896e-05,0.000764336
6.38147e-05,0.000763752
6.37332e-05,0.000763166
6.36514e-05,0.000762579
6.35693e-05,0.000761989
6.3487e-05,0.000761396
6.34044e-05,0.000760802
6.33216e-05,0.000760205
6.32385e-05,0.000759607
6.31551e-05,0.000759006
6.30715e-05,0.000758403
6.29877e-05,0.000757798
6.29036e-05,0.000757191
6.28192e-05,0.000756581
6.27346e-05,0.00075597
6.26498e-05,0.000755356
6.25647e-05,0.00075474
6.24793e-05,0.000754122
6.23937e-05,0.000753502
6.23079e-05,0.00075288
6.22218e-05,0.000752256
6.21355e-05,0.00075163
6.2049e-05,0.000751001
6.19622e-05,0.000750371
6.18751e-05,0.000749738
6.17878e-05,0.000749104
6.17003e-05,0.000748467
6.16126e-05,0.000747828
6.15246e-05,0.000747187
6.14364e-05,0.000746544
6.1348e-05,0.000745899
6.12593e-05,0.000745252
6.11704e-05,0.000744603
6.10813e-05,0.000743952
6.09919e-05,0.000743299
6.09024e-05,0.000742644
6.08126e-05,0.000741986
6.07225e-05,0.000741327
6.06323e-05,0.000740666
6.05418e-05,0.000740003
6.04511e-05,0.000739337
6.03602e-05,0.00073867
6.02691e-05,0.000738001
6.01778e-05,0.00073733
6.00862e-05,0.000736657
5.99945e-05,0.000735981
5.99025e-05,0.000735304
5.98103e-05,0.000734625
5.97179e-05,0.000733944
5.96253e-05,0.000733261
5.95325e-05,0.000732576
5.94395e-05,0.000731889
5.93463e-05,0.0007312
5.92529e-05,0.000730509
5.91593e-05,0.000729816
5.90654e-05,0.000729122
5.89714e-05,0.000728425
5.88772e-05,0.000727727
5.87828e-05,0.000727026
5.86881e-05,0.000726324
5.85933e-05,0.000725619
5.84983e-05,0.000724913
5.84031e-05,0.000724205
5.83078e-05,0.000723495
5.82122e-05,0.000722784
5.81164e-05,0.00072207
5.80205e-05,0.000721354
5.79243e-05,0.000720637
5.7828e-05,0.000719918
5.77315e-05,0.000719197
5.76348e-05,0.000718474
5.75379e-05,0.000717749
5.74409e-05,0.000717022
5.73437e-05,0.000716294
5.72463e-05,0.000715564
5.71487e-05,0.000714832
5.70509e-05,0.000714098
5.6953e-05,0.000713362
5.68549e-05,0.000712624
5.67566e-05,0.000711885
5.66582e-05,0.000711144
5.65596e-05,0.000710401
5.64608e-05,0.000709657
5.63619e-05,0.00070891
5.62628e-05,0.000708162
5.61635e-05,0.000707412
5.60641e-05,0.00070666
5.59645e-05,0.000705907
5.58647e-05,0.000705152
5.57648e-05,0.000704395
5.56648e-05,0.000703636
5.55645e-05,0.000702876
5.54642e-05,0.000702114
5.53636e-05,0.00070135
5.5263e-05,0.000700584
5.51621e-05,0.000699817
5.50611e-05,0.000699048
5.496e-05,0.000698278
5.48587e-05,0.000697505
5.47573e-05,0.000696731
5.46558e-05,0.000695956
5.45541e-05,0.000695178
5.44522e-05,0.000694399
5.43502e-05,0.000693619
5.42481e-05,0.000692837
5.41459e-05,0.000692053
5.40435e-05,0.000691267
5.39409e-05,0.00069048
5.38383e-05,0.000689691
5.37355e-05,0.000688901
5.36325e-05,0.000688109
5.35295e-05,0.000687315
5.34263e-05,0.00068652
5.3323e-05,0.000685723
5.32195e-05,0.000684924
5.3116e-05,0.000684124
5.30123e-05,0.000683323
5.29085e-05,0.00068252
5.28045e-05,0.000681715
5.27005e-05,0.000680909
5.25963e-05,0.000680101
5.2492e-05,0.000679291
5.23876e-05,0.00067848
5.22831e-05,0.000677668
5.21785e-05,0.000676854
5.20738e-05,0.000676039
5.19689e-05,0.000675221
5.1864e-05,0.000674403
5.17589e-05,0.000673583
5.16537e-05,0.000672761
5.15485e-05,0.000671938
5.14431e-05,0.000671114
5.13376e-05,0.000670288
5.1232e-05,0.00066946
5.11263e-05,0.000668632
5.10206e-05,0.000667801
5.09147e-05,0.000666969
5.08087e-05,0.000666136
5.07027e-05,0.000665301
5.05965e-05,0.000664465
5.04902e-05,0.000663628
5.03839e-05,0.000662789
5.02775e-05,0.000661948
5.0171e-05,0.000661106
5.00643e-05,0.000660263
4.99577e-05,0.000659419
4.98509e-05,0.000658573
4.9744e-05,0.000657725
4.96371e-05,0.000656877
4.95301e-05,0.000656026
4.9423e-05,0.000655175
4.93158e-05,0.000654322
4.92085e-05,0.000653468
4.91012e-05,0.000652612
4.89938e-05,0.000651756
4.88863e-05,0.000650897
4.87788e-05,0.000650038
4.86712e-05,0.000649177
4.85635e-05,0.000648315
4.84558e-05,0.000647451
4.83479e-05,0.000646587
4.82401e-05,0.000645721
4.81321e-05,0.000644853
4.80241e-05,0.000643985
4.7916e-05,0.000643115
4.78079e-05,0.000642244
4.76997e-05,0.000641371
4.75915e-05,0.000640498
4.74832e-05,0.000639623
4.73748e-05,0.000638747
4.72664e-05,0.000637869
4.7158e-05,0.000636991
4.70495e-05,0.000636111
4.69409e-05,0.00063523
4.68323e-05,0.000634348
4.67237e-05,0.000633464
4.6615e-05,0.00063258
4.65062e-05,0.000631694
4.63975e-05,0.000630807
4.62886e-05,0.000629919
4.61798e-05,0.00062903
4.60709e-05,0.000628139
4.59619e-05,0.000627248
4.5853e-05,0.000626355
4.57439e-05,0.000625461
4.56349e-05,0.000624566
4.55258e-05,0.00062367
4.54167e-05,0.000622773
4.53076e-05,0.000621874
4.51984e-05,0.000620975
4.50892e-05,0.000620074
4.498e-05,0.000619172
4.48707e-05,0.00061827
4.47615e-05,0.000617366
4.46522e-05,0.000616461
4.45429e-05,0.000615555
4.44335e-05,0.000614648
4.43242e-05,0.00061374
4.42148e-05,0.000612831
4.41054e-05,0.000611921
4.3996e-05,0.00061101
4.38866e-05,0.000610097
4.37772e-05,0.000609184
4.36677e-05,0.00060827
4.35583e-05,0.000607355
4.34488e-05,0.000606439
4.33394e-05,0.000605521
4.32299e-05,0.000604603
4.31204e-05,0.000603684
4.30109e-05,0.000602764
4.29014e-05,0.000601843
4.2792e-05,0.000600921
4.26825e-05,0.000599998
4.2573e-05,0.000599074
4.24635e-05,0.000598149
4.2354e-05,0.000597223
4.22445e-05,0.000596297
4.21351e-05,0.000595369
4.20256e-05,0.000594441
4.19162e-05,0.000593511
4.18067e-05,0.000592581
4.16973e-05,0.00059165
4.15879e-05,0.000590718
4.14784e-05,0.000589785
4.13691e-05,0.000588851
4.12597e-05,0.000587916
4.11503e-05,0.000586981
4.1041e-05,0.000586044
4.09316e-05,0.000585107
4.08223e-05,0.000584169
4.0713e-05,0.00058323
4.06038e-05,0.000582291
4.04945e-05,0.00058135
4.03853e-05,0.000580409
4.02761e-05,0.000579467
4.0167e-05,0.000578524
4.00579e-05,0.000577581
3.99488e-05,0.000576636
3.98397e-05,0.000575691
3.97306e-05,0.000574745
3.96216e-05,0.000573799
3.95127e-05,0.000572851
3.94037e-05,0.000571903
3.92948e-05,0.000570954
3.9186e-05,0.000570005
3.90771e-05,0.000569054
3.89684e-05,0.000568103
3.88596e-05,0.000567152
3.87509e-05,0.000566199
3.86423e-05,0.000565246
3.85336e-05,0.000564292
3.84251e-05,0.000563338
3.83166e-05,0.000562383
3.82081e-05,0.000561427
3.80997e-05,0.00056047
3.79913e-05,0.000559513
3.7883e-05,0.000558556
3.77747e-05,0.000557597
3.76665e-05,0.000556638
3.75583e-05,0.000555679
3.74502e-05,0.000554718
3.73422e-05,0.000553758
3.72342e-05,0.000552796
3.71262e-05,0.000551834
3.70184e-05,0.000550872
3.69106e-05,0.000549908
3.68028e-05,0.000548945
3.66951e-05,0.00054798
3.65875e-05,0.000547016
3.648e-05,0.00054605
3.63725e-05,0.000545084
3.6265e-05,0.000544118
3.61577e-05,0.000543151
3.60504e-05,0.000542183
3.59432e-05,0.000541215
3.58361e-05,0.000540247
3.5729e-05,0.000539278
3.5622e-05,0.000538308
3.55151e-05,0.000537338
3.54082e-05,0.000536368
3.53015e-05,0.000535397
3.51948e-05,0.000534425
3.50882e-05,0.000533453
3.49817e-05,0.000532481
3.48752e-05,0.000531508
3.47688e-05,0.000530535
3.46626e-05,0.000529561
3.45564e-05,0.000528587
3.44503e-05,0.000527613
3.43442e-05,0.000526638
3.42383e-05,0.000525663
3.41324e-05,0.000524687
3.40267e-05,0.000523711
3.3921e-05,0.000522735
3.38154e-05,0.000521758
3.37099e-05,0.000520781
3.36046e-05,0.000519803
3.34993e-05,0.000518825
3.3394e-05,0.000517847
3.32889e-05,0.000516868
3.31839e-05,0.00051589
3.3079e-05,0.00051491
3.29742e-05,0.000513931
3.28695e-05,0.000512951
3.27649e-05,0.000511971
3.26604e-05,0.00051099
3.2556e-05,0.00051001
3.24517e-05,0.000509029
3.23475e-05,0.000508047
3.22434e-05,0.000507066
3.21394e-05,0.000506084
3.20355e-05,0.000505102
3.19317e-05,0.00050412
3.18281e-05,0.000503137
3.17245e-05,0.000502154
3.16211e-05,0.000501171
3.15178e-05,0.000500188
3.14145e-05,0.000499204
3.13114e-05,0.000498221
3.12085e-05,0.000497237
3.11056e-05,0.000496253
3.10028e-05,0.000495269
3.09002e-05,0.000494284
3.07977e-05,0.0004933
3.06953e-05,0.000492315
3.0593e-05,0.00049133
3.04909e-05,0.000490345
3.03888e-05,0.00048936
3.02869e-05,0.000488374
3.01851e-05,0.000487389
3.00835e-05,0.000486403
2.99819e-05,0.000485418
2.98805e-05,0.000484432
2.97792e-05,0.000483446
2.96781e-05,0.00048246
2.9577e-05,0.000481474
2.94761e-05,0.000480488
2.93754e-05,0.000479502
2.92747e-05,0.000478515
2.91742e-05,0.000477529
2.90739e-05,0.000476542
2.89736e-05,0.000475556
2.88735e-05,0.000474569
2.87735e-05,0.000473583
2.86737e-05,0.000472596
2.8574e-05,0.00047161
2.84745e-05,0.000470623
2.8375e-05,0.000469636
2.82758e-05,0.00046865
2.81766e-05,0.000467663
2.80776e-05,0.000466677
2.79788e-05,0.00046569
2.788e-05,0.000464704
2.77815e-05,0.000463717
2.7683e-05,0.000462731
2.75847e-05,0.000461744
2.74866e-05,0.000460758
2.73886e-05,0.000459771
2.72908e-05,0.000458785
2.71931e-05,0.000457799
2.70955e-05,0.000456813
2.69981e-05,0.000455827
2.69008e-05,0.000454841
2.68037e-05,0.000453855
2.67068e-05,0.000452869
2.661e-05,0.000451884
2.65133e-05,0.000450898
2.64168e-05,0.000449913
2.63205e-05,0.000448928
2.62243e-05,0.000447943
2.61283e-05,0.000446958
2.60324e-05,0.000445973
2.59367e-05,0.000444988
2.58411e-05,0.000444004
2.57457e-05,0.00044302
2.56505e-05,0.000442036
2.55554e-05,0.000441052
2.54605e-05,0.000440068
2.53657e-05,0.000439084
2.52711e-05,0.000438101
2.51767e-05,0.000437118
2.50824e-05,0.000436135
2.49883e-05,0.000435153
2.48943e-05,0.00043417
2.48005e-05,0.000433188
2.47069e-05,0.000432206
2.46134e-05,0.000431224
2.45201e-05,0.000430243
2.4427e-05,0.000429262
2.4334e-05,0.000428281
2.42413e-05,0.0004273
2.41486e-05,0.00042632
2.40562e-05,0.00042534
2.39639e-05,0.00042436
2.38718e-05,0.00042338
2.37798e-05,0.000422401
2.36881e-05,0.000421422
2.35965e-05,0.000420444
2.3505e-05,0.000419466
2.34138e-05,0.000418488
2.33227e-05,0.00041751
2.32318e-05,0.000416533
2.31411e-05,0.000415556
2.30505e-05,0.00041458
2.29601e-05,0.000413604
2.28699e-05,0.000412628
2.27799e-05,0.000411653
2.269e-05,0.000410678
2.26004e-05,0.000409703
2.25109e-05,0.000408729
2.24216e-05,0.000407755
2.23324e-05,0.000406782
2.22435e-05,0.000405809
2.21547e-05,0.000404836
2.20661e-05,0.000403864
2.19777e-05,0.000402892
2.18894e-05,0.000401921
2.18014e-05,0.00040095
2.17135e-05,0.00039998
2.16258e-05,0.00039901
2.15383e-05,0.000398041
2.1451e-05,0.000397072
2.13639e-05,0.000396103
2.1277e-05,0.000395135
2.11902e-05,0.000394168
2.11036e-05,0.000393201
2.10172e-05,0.000392234
2.0931e-05,0.000391268
2.0845e-05,0.000390302
2.07592e-05,0.000389337
2.06735e-05,0.000388373
2.05881e-05,0.000387409
2.05028e-05,0.000386446
2.04178e-05,0.000385483
2.03329e-05,0.00038452
2.02482e-05,0.000383558
2.01637e-05,0.000382597
2.00794e-05,0.000381637
1.99952e-05,0.000380676
1.99113e-05,0.000379717
1.98276e-05,0.000378758
1.9744e-05,0.0003778
1.96607e-05,0.000376842
1.95775e-05,0.000375885
1.94945e-05,0.000374928
1.94118e-05,0.000373972
1.93292e-05,0.000373017
1.92468e-05,0.000372062
1.91646e-05,0.000371108
1.90826e-05,0.000370154
1.90008e-05,0.000369201
1.89192e-05,0.000368249
1.88378e-05,0.000367298
1.87566e-05,0.000366347
1.86756e-05,0.000365396
1.85947e-05,0.000364447
1.85141e-05,0.000363498
1.84337e-05,0.00036255
1.83535e-05,0.000361602
1.82734e-05,0.000360655
1.81936e-05,0.000359709
1.8114e-05,0.000358763
1.80345e-05,0.000357819
1.79553e-05,0.000356875
1.78763e-05,0.000355931
1.77974e-05,0.000354989
1.77188e-05,0.000354047
1.76404e-05,0.000353105
1.75621e-05,0.000352165
1.74841e-05,0.000351225
1.74062e-05,0.000350286
1.73286e-05,0.000349348
1.72512e-05,0.000348411
1.71739e-05,0.000347474
1.70969e-05,0.000346538
1.70201e-05,0.000345603
1.69435e-05,0.000344668
1.6867e-05,0.000343735
1.67908e-05,0.000342802
1.67148e-05,0.00034187
1.6639e-05,0.000340938
1.65634e-05,0.000340008
1.6488e-05,0.000339078
1.64127e-05,0.000338149
1.63377e-05,0.000337221
1.62629e-05,0.000336294
1.61883e-05,0.000335368
1.6114e-05,0.000334442
1.60398e-05,0.000333518
1.59658e-05,0.000332594
1.5892e-05,0.000331671
1.58184e-05,0.000330749
1.57451e-05,0.000329827
1.56719e-05,0.000328907
1.55989e-05,0.000327987
1.55262e-05,0.000327069
1.54536e-05,0.000326151
1.53813e-05,0.000325234
1.53092e-05,0.000324318
1.52372e-05,0.000323403
1.51655e-05,0.000322488
1.5094e-05,0.000321575
1.50227e-05,0.000320662
1.49515e-05,0.000319751
1.48806e-05,0.00031884
1.48099e-05,0.00031793
1.47395e-05,0.000317022
1.46692e-05,0.000316114
1.45991e-05,0.000315207
1.45292e-05,0.000314301
1.44596e-05,0.000313396
1.43901e-05,0.000312492
1.43208e-05,0.000311588
1.42518e-05,0.000310686
1.4183e-05,0.000309785
1.41143e-05,0.000308885
1.40459e-05,0.000307985
1.39777e-05,0.000307087
1.39097e-05,0.000306189
1.38419e-05,0.000305293
1.37743e-05,0.000304398
1.37069e-05,0.000303503
1.36397e-05,0.00030261
1.35727e-05,0.000301717
1.3506e-05,0.000300826
1.34394e-05,0.000299936
1.3373e-05,0.000299046
1.33069e-05,0.000298158
1.3241e-05,0.00029727
1.31752e-05,0.000296384
1.31097e-05,0.000295499
1.30444e-05,0.000294614
1.29793e-05,0.000293731
1.29144e-05,0.000292849
1.28497e-05,0.000291968
1.27852e-05,0.000291088
1.27209e-05,0.000290209
1.26568e-05,0.000289331
1.25929e-05,0.000288454
1.25293e-05,0.000287578
1.24658e-05,0.000286703
1.24026e-05,0.000285829
1.23395e-05,0.000284957
1.22767e-05,0.000284085
1.2214e-05,0.000283215
1.21516e-05,0.000282345
1.20894e-05,0.000281477
1.20274e-05,0.00028061
1.19656e-05,0.000279744
1.1904e-05,0.000278879
1.18426e-05,0.000278015
1.17814e-05,0.000277152
1.17204e-05,0.00027629
1.16596e-05,0.00027543
1.15991e-05,0.00027457
1.15387e-05,0.000273712
1.14785e-05,0.000272855
1.14186e-05,0.000271999
1.13588e-05,0.000271144
1.12993e-05,0.00027029
1.12399e-05,0.000269438
1.11808e-05,0.000268586
1.11219e-05,0.000267736
1.10631e-05,0.000266887
1.10046e-05,0.000266039
1.09463e-05,0.000265192
1.08882e-05,0.000264346
1.08303e-05,0.000263502
1.07726e-05,0.000262658
1.07151e-05,0.000261816
1.06578e-05,0.000260975
1.06007e-05,0.000260136
1.05438e-05,0.000259297
1.04871e-05,0.00025846
1.04306e-05,0.000257623
1.03743e-05,0.000256788
1.03182e-05,0.000255955
1.02623e-05,0.000255122
1.02067e-05,0.000254291
1.01512e-05,0.00025346
1.00959e-05,0.000252631
1.00408e-05,0.000251804
9.98597e-06,0.000250977
9.9313e-06,0.000250152
9.87684e-06,0.000249328
9.82257e-06,0.000248505
9.7685e-06,0.000247683
9.71464e-06,0.000246863
9.66097e-06,0.000246044
9.6075e-06,0.000245226
9.55424e-06,0.000244409
9.50117e-06,0.000243594
9.4483e-06,0.00024278
9.39564e-06,0.000241967
9.34317e-06,0.000241155
9.2909e-06,0.000240345
9.23882e-06,0.000239536
9.18695e-06,0.000238728
9.13528e-06,0.000237921
9.0838e-06,0.000237116
9.03252e-06,0.000236312
8.98143e-06,0.000235509
8.93055e-06,0.000234707
8.87986e-06,0.000233907
8.82937e-06,0.000233108
8.77907e-06,0.000232311
8.72897e-06,0.000231514
8.67906e-06,0.000230719
8.62935e-06,0.000229925
8.57984e-06,0.000229133
8.53052e-06,0.000228342
8.4814e-06,0.000227552
8.43247e-06,0.000226763
8.38373e-06,0.000225976
8.33519e-06,0.00022519
8.28684e-06,0.000224405
8.23868e-06,0.000223622
8.19072e-06,0.00022284
8.14295e-06,0.000222059
8.09538e-06,0.00022128
8.04799e-06,0.000220502
8.0008e-06,0.000219725
7.9538e-06,0.00021895
7.90699e-06,0.000218176
7.86037e-06,0.000217403
7.81394e-06,0.000216632
7.7677e-06,0.000215862
7.72165e-06,0.000215093
7.67579e-06,0.000214326
7.63012e-06,0.00021356
7.58464e-06,0.000212795
7.53935e-06,0.000212032
7.49425e-06,0.00021127
7.44934e-06,0.000210509
7.40461e-06,0.00020975
7.36007e-06,0.000208992
7.31572e-06,0.000208235
7.27155e-06,0.00020748
7.22757e-06,0.000206726
7.18378e-06,0.000205974
7.14017e-06,0.000205223
7.09675e-06,0.000204473
7.05352e-06,0.000203725
7.01047e-06,0.000202978
6.9676e-06,0.000202232
6.92492e-06,0.000201488
6.88242e-06,0.000200745
6.8401e-06,0.000200003
6.79797e-06,0.000199263
6.75602e-06,0.000198525
6.71425e-06,0.000197787
6.67267e-06,0.000197051
6.63126e-06,0.000196317
6.59004e-06,0.000195584
6.549e-06,0.000194852
6.50814e-06,0.000194122
6.46746e-06,0.000193393
6.42696e-06,0.000192665
6.38664e-06,0.000191939
6.34649e-06,0.000191214
6.30653e-06,0.000190491
6.26674e-06,0.000189769
6.22714e-06,0.000189048
6.18771e-06,0.000188329
6.14846e-06,0.000187612
6.10938e-06,0.000186895
6.07048e-06,0.00018618
6.03176e-06,0.000185467
5.99321e-06,0.000184755
5.95484e-06,0.000184044
5.91664e-06,0.000183335
5.87862e-06,0.000182627
5.84077e-06,0.000181921
5.80309e-06,0.000181216
5.76559e-06,0.000180512
5.72826e-06,0.00017981
5.69111e-06,0.000179109
5.65412e-06,0.00017841
5.61731e-06,0.000177712
5.58067e-06,0.000177016
5.5442e-06,0.000176321
5.5079e-06,0.000175627
5.47177e-06,0.000174935
5.43581e-06,0.000174244
5.40002e-06,0.000173555
5.3644e-06,0.000172867
5.32895e-06,0.000172181
5.29367e-06,0.000171496
5.25855e-06,0.000170812
5.2236e-06,0.00017013
5.18882e-06,0.00016945
5.1542e-06,0.000168771
5.11975e-06,0.000168093
5.08547e-06,0.000167417
5.05135e-06,0.000166742
5.01739e-06,0.000166068
4.9836e-06,0.000165396
4.94997e-06,0.000164726
4.91651e-06,0.000164057
4.88321e-06,0.000163389
4.85007e-06,0.000162723
4.8171e-06,0.000162058
4.78429e-06,0.000161395
4.75163e-06,0.000160733
4.71914e-06,0.000160073
4.68681e-06,0.000159414
4.65464e-06,0.000158757
4.62263e-06,0.000158101
4.59078e-06,0.000157446
4.55909e-06,0.000156793
4.52755e-06,0.000156141
4.49618e-06,0.000155491
4.46496e-06,0.000154843
4.4339e-06,0.000154195
4.40299e-06,0.00015355
4.37224e-06,0.000152905
4.34165e-06,0.000152262
4.31121e-06,0.000151621
4.28093e-06,0.000150981
4.2508e-06,0.000150343
4.22082e-06,0.000149706
4.191e-06,0.00014907
4.16133e-06,0.000148436
4.13182e-06,0.000147803
4.10245e-06,0.000147172
4.07324e-06,0.000146543
4.04418e-06,0.000145914
4.01527e-06,0.000145288
3.98651e-06,0.000144662
3.9579e-06,0.000144039
3.92944e-06,0.000143416
3.90113e-06,0.000142795
3.87297e-06,0.000142176
3.84495e-06,0.000141558
3.81709e-06,0.000140942
3.78937e-06,0.000140327
3.7618e-06,0.000139713
3.73437e-06,0.000139101
3.70709e-06,0.00013849
3.67996e-06,0.000137881
3.65297e-06,0.000137274
3.62612e-06,0.000136668
3.59942e-06,0.000136063
3.57286e-06,0.00013546
3.54645e-06,0.000134858
3.52018e-06,0.000134258
3.49405e-06,0.000133659
3.46806e-06,0.000133061
3.44221e-06,0.000132465
3.41651e-06,0.000131871
3.39094e-06,0.000131278
3.36552e-06,0.000130687
3.34023e-06,0.000130097
3.31508e-06,0.000129508
3.29008e-06,0.000128921
3.26521e-06,0.000128335
3.24048e-06,0.000127751
3.21588e-06,0.000127169
3.19142e-06,0.000126587
3.1671e-06,0.000126008
3.14291e-06,0.000125429
3.11886e-06,0.000124853
3.09495e-06,0.000124277
3.07117e-06,0.000123704
3.04752e-06,0.000123131
3.02401e-06,0.00012256
3.00063e-06,0.000121991
2.97738e-06,0.000121423
2.95426e-06,0.000120856
2.93128e-06,0.000120291
2.90843e-06,0.000119728
2.88571e-06,0.000119166
2.86311e-06,0.000118605
2.84065e-06,0.000118046
2.81832e-06,0.000117488
2.79612e-06,0.000116932
2.77404e-06,0.000116377
2.7521e-06,0.000115824
2.73028e-06,0.000115272
2.70859e-06,0.000114722
2.68702e-06,0.000114173
2.66558e-06,0.000113625
2.64427e-06,0.000113079
2.62308e-06,0.000112535
2.60202e-06,0.000111992
2.58108e-06,0.00011145
2.56026e-06,0.00011091
2.53957e-06,0.000110371
2.519e-06,0.000109834
2.49856e-06,0.000109298
2.47823e-06,0.000108764
2.45803e-06,0.000108231
2.43795e-06,0.0001077
2.41799e-06,0.00010717
2.39815e-06,0.000106641
2.37843e-06,0.000106114
2.35883e-06,0.000105589
2.33935e-06,0.000105065
2.31999e-06,0.000104542
2.30074e-06,0.000104021
2.28161e-06,0.000103501
2.2626e-06,0.000102983
2.24371e-06,0.000102466
2.22493e-06,0.000101951
2.20627e-06,0.000101437
2.18772e-06,0.000100924
2.16929e-06,0.000100413
2.15097e-06,9.99035e-05
2.13277e-06,9.93954e-05
2.11468e-06,9.88886e-05
2.0967e-06,9.83834e-05
2.07883e-06,9.78796e-05
2.06108e-06,9.73772e-05
2.04344e-06,9.68762e-05
2.02591e-06,9.63767e-05
2.00849e-06,9.58787e-05
1.99118e-06,9.53821e-05
1.97398e-06,9.48869e-05
1.9569e-06,9.43932e-05
1.93991e-06,9.39009e-05
1.92304e-06,9.341e-05
1.90628e-06,9.29206e-05
1.88962e-06,9.24326e-05
1.87307e-06,9.1946e-05
1.85663e-06,9.14609e-05
1.84029e-06,9.09772e-05
1.82406e-06,9.04949e-05
1.80794e-06,9.00141e-05
1.79192e-06,8.95347e-05
1.776e-06,8.90567e-05
1.76019e-06,8.85801e-05
1.74449e-06,8.8105e-05
1.72888e-06,8.76313e-05
1.71338e-06,8.7159e-05
1.69798e-06,8.66882e-05
1.68268e-06,8.62187e-05
1.66749e-06,8.57507e-05
1.65239e-06,8.52841e-05
1.6374e-06,8.48189e-05
1.6225e-06,8.43552e-05
1.60771e-06,8.38928e-05
1.59302e-06,8.34319e-05
1.57842e-06,8.29724e-05
1.56392e-06,8.25142e-05
1.54952e-06,8.20576e-05
1.53522e-06,8.16023e-05
1.52101e-06,8.11484e-05
1.50691e-06,8.06959e-05
1.49289e-06,8.02449e-05
1.47898e-06,7.97952e-05
1.46516e-06,7.9347e-05
1.45143e-06,7.89001e-05
1.4378e-06,7.84547e-05
1.42426e-06,7.80106e-05
1.41082e-06,7.7568e-05
1.39747e-06,7.71267e-05
1.38421e-06,7.66869e-05
1.37104e-06,7.62484e-05
1.35797e-06,7.58114e-05
1.34499e-06,7.53757e-05
1.3321e-06,7.49414e-05
1.3193e-06,7.45086e-05
1.30659e-06,7.40771e-05
1.29397e-06,7.3647e-05
1.28144e-06,7.32182e-05
1.269e-06,7.27909e-05
1.25665e-06,7.2365e-05
1.24438e-06,7.19404e-05
1.23221e-06,7.15172e-05
1.22012e-06,7.10954e-05
1.20812e-06,7.0675e-05
1.1962e-06,7.02559e-05
1.18437e-06,6.98383e-05
1.17263e-06,6.9422e-05
1.16097e-06,6.90071e-05
1.1494e-06,6.85935e-05
1.13791e-06,6.81813e-05
1.12651e-06,6.77705e-05
1.11519e-06,6.73611e-05
1.10395e-06,6.6953e-05
1.0928e-06,6.65463e-05
1.08173e-06,6.6141e-05
1.07074e-06,6.5737e-05
1.05983e-06,6.53344e-05
1.049e-06,6.49331e-05
1.03826e-06,6.45332e-05
1.02759e-06,6.41346e-05
1.01701e-06,6.37375e-05
1.0065e-06,6.33416e-05
9.96078e-07,6.29471e-05
9.85731e-07,6.2554e-05
9.75463e-07,6.21622e-05
9.65273e-07,6.17718e-05
9.55161e-07,6.13827e-05
9.45126e-07,6.0995e-05
9.35168e-07,6.06086e-05
9.25287e-07,6.02235e-05
9.15482e-07,5.98398e-05
9.05753e-07,5.94574e-05
8.96099e-07,5.90764e-05
8.86521e-07,5.86967e-05
8.77017e-07,5.83183e-05
8.67587e-07,5.79412e-05
8.58231e-07,5.75655e-05
8.48949e-07,5.71912e-05
8.3974e-07,5.68181e-05
8.30603e-07,5.64464e-05
8.21539e-07,5.6076e-05
8.12547e-07,5.57069e-05
8.03627e-07,5.53392e-05
7.94778e-07,5.49728e-05
7.86e-07,5.46076e-05
7.77292e-07,5.42439e-05
7.68655e-07,5.38814e-05
7.60087e-07,5.35202e-05
7.51588e-07,5.31604e-05
7.43159e-07,5.28018e-05
7.34798e-07,5.24446e-05
7.26506e-07,5.20887e-05
7.18281e-07,5.17341e-05
7.10125e-07,5.13808e-05
7.02035e-07,5.10288e-05
6.94012e-07,5.06781e-05
6.86056e-07,5.03287e-05
6.78165e-07,4.99806e-05
6.70341e-07,4.96338e-05
6.62582e-07,4.92883e-05
6.54887e-07,4.89441e-05
6.47258e-07,4.86011e-05
6.39693e-07,4.82595e-05
6.32192e-07,4.79192e-05
6.24754e-07,4.75801e-05
6.1738e-07,4.72424e-05
6.10069e-07,4.69059e-05
6.0282e-07,4.65707e-05
5.95633e-07,4.62368e-05
5.88508e-07,4.59041e-05
5.81445e-07,4.55728e-05
5.74443e-07,4.52427e-05
5.67502e-07,4.49139e-05
5.60621e-07,4.45863e-05
5.53801e-07,4.42601e-05
5.4704e-07,4.39351e-05
5.40338e-07,4.36113e-05
5.33696e-07,4.32889e-05
5.27113e-07,4.29677e-05
5.20587e-07,4.26478e-05
5.14121e-07,4.23291e-05
5.07711e-07,4.20117e-05
5.0136e-07,4.16955e-05
4.95065e-07,4.13806e-05
4.88827e-07,4.1067e-05
4.82645e-07,4.07546e-05
4.7652e-07,4.04435e-05
4.7045e-07,4.01336e-05
4.64436e-07,3.9825e-05
4.58477e-07,3.95176e-05
4.52573e-07,3.92115e-05
4.46723e-07,3.89066e-05
4.40927e-07,3.86029e-05
4.35185e-07,3.83005e-05
4.29497e-07,3.79993e-05
4.23862e-07,3.76994e-05
4.18279e-07,3.74007e-05
4.12749e-07,3.71032e-05
4.07272e-07,3.6807e-05
4.01846e-07,3.6512e-05
3.96472e-07,3.62182e-05
3.91149e-07,3.59257e-05
3.85877e-07,3.56344e-05
3.80656e-07,3.53443e-05
3.75485e-07,3.50554e-05
3.70364e-07,3.47678e-05
3.65292e-07,3.44814e-05
3.60271e-07,3.41962e-05
3.55298e-07,3.39122e-05
3.50374e-07,3.36294e-05
3.45498e-07,3.33478e-05
3.40671e-07,3.30675e-05
3.35892e-07,3.27883e-05
3.3116e-07,3.25104e-05
3.26475e-07,3.22337e-05
3.21837e-07,3.19582e-05
3.17247e-07,3.16839e-05
3.12702e-07,3.14108e-05
3.08203e-07,3.11388e-05
3.03751e-07,3.08681e-05
2.99344e-07,3.05986e-05
2.94982e-07,3.03303e-05
2.90664e-07,3.00632e-05
2.86392e-07,2.97973e-05
2.82164e-07,2.95325e-05
2.7798e-07,2.9269e-05
2.73839e-07,2.90066e-05
2.69742e-07,2.87455e-05
2.65689e-07,2.84855e-05
2.61678e-07,2.82267e-05
2.5771e-07,2.79691e-05
2.53784e-07,2.77127e-05
2.499e-07,2.74574e-05
2.46058e-07,2.72033e-05
2.42257e-07,2.69504e-05
2.38498e-07,2.66987e-05
2.34779e-07,2.64482e-05
2.31101e-07,2.61988e-05
2.27464e-07,2.59506e-05
2.23866e-07,2.57036e-05
2.20309e-07,2.54577e-05
2.16791e-07,2.5213e-05
2.13312e-07,2.49695e-05
2.09872e-07,2.47271e-05
2.06471e-07,2.44859e-05
2.03109e-07,2.42458e-05
1.99784e-07,2.40069e-05
1.96498e-07,2.37692e-05
1.93249e-07,2.35326e-05
1.90038e-07,2.32972e-05
1.86864e-07,2.3063e-05
1.83727e-07,2.28299e-05
1.80626e-07,2.25979e-05
1.77562e-07,2.23671e-05
1.74534e-07,2.21374e-05
1.71541e-07,2.19089e-05
1.68585e-07,2.16816e-05
1.65663e-07,2.14553e-05
1.62777e-07,2.12303e-05
1.59925e-07,2.10063e-05
1.57108e-07,2.07835e-05
1.54326e-07,2.05619e-05
1.51577e-07,2.03414e-05
1.48862e-07,2.0122e-05
1.46181e-07,1.99038e-05
1.43533e-07,1.96867e-05
1.40919e-07,1.94707e-05
1.38337e-07,1.92558e-05
1.35787e-07,1.90421e-05
1.3327e-07,1.88296e-05
1.30785e-07,1.86181e-05
1.28332e-07,1.84078e-05
1.25911e-07,1.81986e-05
1.23521e-07,1.79905e-05
1.21162e-07,1.77836e-05
1.18834e-07,1.75778e-05
1.16536e-07,1.73731e-05
1.14269e-07,1.71695e-05
1.12032e-07,1.6967e-05
1.09825e-07,1.67657e-05
1.07648e-07,1.65655e-05
1.05501e-07,1.63664e-05
1.03382e-07,1.61684e-05
1.01293e-07,1.59715e-05
9.9232e-08,1.57758e-05
9.71999e-08,1.55812e-05
9.51961e-08,1.53876e-05
9.32205e-08,1.51952e-05
9.12727e-08,1.50039e-05
8.93525e-08,1.48137e-05
8.74598e-08,1.46246e-05
8.55942e-08,1.44367e-05
8.37557e-08,1.42498e-05
8.19439e-08,1.4064e-05
8.01586e-08,1.38794e-05
7.83997e-08,1.36958e-05
7.66668e-08,1.35134e-05
7.49598e-08,1.33321e-05
7.32785e-08,1.31518e-05
7.16226e-08,1.29727e-05
6.99919e-08,1.27947e-05
6.83863e-08,1.26177e-05
6.68054e-08,1.24419e-05
6.52491e-08,1.22672e-05
6.37172e-08,1.20936e-05
6.22095e-08,1.1921e-05
6.07257e-08,1.17496e-05
5.92656e-08,1.15793e-05
5.78291e-08,1.14101e-05
5.64159e-08,1.12419e-05
5.50258e-08,1.10749e-05
5.36586e-08,1.0909e-05
5.23142e-08,1.07441e-05
5.09922e-08,1.05804e-05
4.96925e-08,1.04178e-05
4.84149e-08,1.02562e-05
4.71591e-08,1.00958e-05
4.59251e-08,9.93642e-06
4.47125e-08,9.77817e-06
4.35213e-08,9.62102e-06
4.23511e-08,9.46496e-06
4.12018e-08,9.31e-06
4.00731e-08,9.15613e-06
3.8965e-08,9.00337e-06
3.78772e-08,8.8517e-06
3.68094e-08,8.70113e-06
3.57616e-08,8.55165e-06
3.47334e-08,8.40328e-06
3.37248e-08,8.256e-06
3.27355e-08,8.10983e-06
3.17654e-08,7.96475e-06
3.08141e-08,7.82078e-06
2.98816e-08,7.6779e-06
2.89677e-08,7.53613e-06
2.80721e-08,7.39546e-06
2.71947e-08,7.25589e-06
2.63353e-08,7.11743e-06
2.54937e-08,6.98007e-06
2.46697e-08,6.84382e-06
2.38632e-08,6.70868e-06
2.30739e-08,6.57464e-06
2.23016e-08,6.44172e-06
2.15462e-08,6.3099e-06
2.08075e-08,6.1792e-06
2.00854e-08,6.04961e-06
1.93795e-08,5.92114e-06
1.86898e-08,5.79379e-06
1.8016e-08,5.66755e-06
1.7358e-08,5.54243e-06
1.67157e-08,5.41844e-06
1.60887e-08,5.29557e-06
1.5477e-08,5.17383e-06
1.48803e-08,5.05321e-06
1.42986e-08,4.93373e-06
1.37315e-08,4.81538e-06
1.31789e-08,4.69817e-06
1.26408e-08,4.58209e-06
1.21167e-08,4.46716e-06
1.16067e-08,4.35337e-06
1.11105e-08,4.24073e-06
1.0628e-08,4.12924e-06
1.01589e-08,4.01891e-06
9.70313e-09,3.90973e-06
9.26048e-09,3.80172e-06
8.83077e-09,3.69487e-06
8.41385e-09,3.58919e-06
8.00952e-09,3.48469e-06
7.61763e-09,3.38136e-06
7.23799e-09,3.27922e-06
6.87044e-09,3.17827e-06
6.5148e-09,3.07851e-06
6.1709e-09,2.97995e-06
5.83856e-09,2.88259e-06
5.51763e-09,2.78645e-06
5.20791e-09,2.69152e-06
4.90925e-09,2.59782e-06
4.62147e-09,2.50535e-06
4.3444e-09,2.41412e-06
4.07787e-09,2.32413e-06
3.8217e-09,2.23539e-06
3.57573e-09,2.14792e-06
3.33977e-09,2.06172e-06
3.11367e-09,1.9768e-06
2.89724e-09,1.89318e-06
2.69032e-09,1.81085e-06
2.49272e-09,1.72983e-06
2.30428e-09,1.65014e-06
2.12483e-09,1.57179e-06
1.95418e-09,1.49479e-06
1.79216e-09,1.41914e-06
1.6386e-09,1.34488e-06
1.49332e-09,1.27202e-06
1.35615e-09,1.20056e-06
1.22689e-09,1.13053e-06
1.10538e-09,1.06196e-06
9.91427e-10,9.94847e-07
8.84856e-10,9.29231e-07
7.85481e-10,8.6513e-07
6.93116e-10,8.02571e-07
6.07574e-10,7.41582e-07
5.28664e-10,6.82194e-07
4.56195e-10,6.2444e-07
3.89972e-10,5.68356e-07
3.29798e-10,5.13983e-07
2.75472e-10,4.61367e-07
2.26788e-10,4.10556e-07
1.83539e-10,3.61607e-07
1.4551e-10,3.14583e-07
1.12481e-10,2.69555e-07
8.42271e-11,2.26606e-07
6.05147e-11,1.8583e-07
4.11017e-11,1.47338e-07
2.57355e-11,1.11255e-07
1.41518e-11,7.7712e-08
6.07418e-12,4.67835e-08
1.21947e-12,1.78527e-08
